The system is: Windows - 10.0.19045 - AMD64
Compiling the C compiler identification source file "CMakeCCompilerId.c" succeeded.
Compiler: C:/Program Files/Microsoft Visual Studio/2022/Community/VC/Tools/MSVC/14.38.33130/bin/Hostx86/x64/cl.exe 
Build flags: 
Id flags:  

The output was:
0
Microsoft (R) C/C++-Optimierungscompiler Version 19.38.33135 für x64
Copyright (C) Microsoft Corporation. Alle Rechte vorbehalten.

CMakeCCompilerId.c
Microsoft (R) Incremental Linker Version 14.38.33135.0
Copyright (C) Microsoft Corporation.  All rights reserved.

/out:CMakeCCompilerId.exe 
CMakeCCompilerId.obj 


Compilation of the C compiler identification source "CMakeCCompilerId.c" produced "CMakeCCompilerId.exe"

Compilation of the C compiler identification source "CMakeCCompilerId.c" produced "CMakeCCompilerId.obj"

The C compiler identification is MSVC, found in "C:/Users/m/OneDrive/Dokumente/GitHub/DirectX12_pathtracer/Pathtracer/cmake-build-debug-visual-studio/CMakeFiles/3.25.2/CompilerIdC/CMakeCCompilerId.exe"

Compiling the CXX compiler identification source file "CMakeCXXCompilerId.cpp" succeeded.
Compiler: C:/Program Files/Microsoft Visual Studio/2022/Community/VC/Tools/MSVC/14.38.33130/bin/Hostx86/x64/cl.exe 
Build flags: 
Id flags:  

The output was:
0
Microsoft (R) C/C++-Optimierungscompiler Version 19.38.33135 für x64
Copyright (C) Microsoft Corporation. Alle Rechte vorbehalten.

CMakeCXXCompilerId.cpp
Microsoft (R) Incremental Linker Version 14.38.33135.0
Copyright (C) Microsoft Corporation.  All rights reserved.

/out:CMakeCXXCompilerId.exe 
CMakeCXXCompilerId.obj 


Compilation of the CXX compiler identification source "CMakeCXXCompilerId.cpp" produced "CMakeCXXCompilerId.exe"

Compilation of the CXX compiler identification source "CMakeCXXCompilerId.cpp" produced "CMakeCXXCompilerId.obj"

The CXX compiler identification is MSVC, found in "C:/Users/m/OneDrive/Dokumente/GitHub/DirectX12_pathtracer/Pathtracer/cmake-build-debug-visual-studio/CMakeFiles/3.25.2/CompilerIdCXX/CMakeCXXCompilerId.exe"

Detecting C compiler ABI info compiled with the following output:
Change Dir: C:/Users/m/OneDrive/Dokumente/GitHub/DirectX12_pathtracer/Pathtracer/cmake-build-debug-visual-studio/CMakeFiles/CMakeScratch/TryCompile-p3dedn

Run Build Command(s):nmake -f Makefile /nologo cmTC_29c7b\fast && 	"C:\Program Files\Microsoft Visual Studio\2022\Community\VC\Tools\MSVC\14.38.33130\bin\HostX86\x64\nmake.exe"  -f CMakeFiles\cmTC_29c7b.dir\build.make /nologo -L                  CMakeFiles\cmTC_29c7b.dir\build
Building C object CMakeFiles/cmTC_29c7b.dir/CMakeCCompilerABI.c.obj
	"C:\Program Files\JetBrains\CLion 2023.1.4\bin\cmake\win\x64\bin\cmake.exe" -E cmake_cl_compile_depends --dep-file=CMakeFiles\cmTC_29c7b.dir\CMakeCCompilerABI.c.obj.d --working-dir=C:\Users\m\OneDrive\Dokumente\GitHub\DirectX12_pathtracer\Pathtracer\cmake-build-debug-visual-studio\CMakeFiles\CMakeScratch\TryCompile-p3dedn --filter-prefix="Hinweis: Einlesen der Datei: " -- C:\PROGRA~1\MICROS~2\2022\COMMUN~1\VC\Tools\MSVC\1438~1.331\bin\Hostx86\x64\cl.exe @C:\Users\m\AppData\Local\Temp\nm82B7.tmp
CMakeCCompilerABI.c
Linking C executable cmTC_29c7b.exe
	"C:\Program Files\JetBrains\CLion 2023.1.4\bin\cmake\win\x64\bin\cmake.exe" -E vs_link_exe --intdir=CMakeFiles\cmTC_29c7b.dir --rc=C:\PROGRA~2\WI3CF2~1\10\bin\100226~1.0\x86\rc.exe --mt=C:\PROGRA~2\WI3CF2~1\10\bin\100226~1.0\x86\mt.exe --manifests -- C:\PROGRA~1\MICROS~2\2022\COMMUN~1\VC\Tools\MSVC\1438~1.331\bin\Hostx86\x64\link.exe /nologo @CMakeFiles\cmTC_29c7b.dir\objects1 @C:\Users\m\AppData\Local\Temp\nm8400.tmp
	C:\Windows\System32\WindowsPowerShell\v1.0\powershell.exe -noprofile -executionpolicy Bypass -file C:/Users/m/.clion-vcpkg/vcpkg/scripts/buildsystems/msbuild/applocal.ps1 -targetBinary C:/Users/m/OneDrive/Dokumente/GitHub/DirectX12_pathtracer/Pathtracer/cmake-build-debug-visual-studio/CMakeFiles/CMakeScratch/TryCompile-p3dedn/cmTC_29c7b.exe -installedDir C:/Users/m/.clion-vcpkg/vcpkg/installed/x64-windows/debug/bin -OutVariable out



Detecting CXX compiler ABI info compiled with the following output:
Change Dir: C:/Users/m/OneDrive/Dokumente/GitHub/DirectX12_pathtracer/Pathtracer/cmake-build-debug-visual-studio/CMakeFiles/CMakeScratch/TryCompile-rhdu21

Run Build Command(s):nmake -f Makefile /nologo cmTC_9f887\fast && 	"C:\Program Files\Microsoft Visual Studio\2022\Community\VC\Tools\MSVC\14.38.33130\bin\HostX86\x64\nmake.exe"  -f CMakeFiles\cmTC_9f887.dir\build.make /nologo -L                  CMakeFiles\cmTC_9f887.dir\build
Building CXX object CMakeFiles/cmTC_9f887.dir/CMakeCXXCompilerABI.cpp.obj
	"C:\Program Files\JetBrains\CLion 2023.1.4\bin\cmake\win\x64\bin\cmake.exe" -E cmake_cl_compile_depends --dep-file=CMakeFiles\cmTC_9f887.dir\CMakeCXXCompilerABI.cpp.obj.d --working-dir=C:\Users\m\OneDrive\Dokumente\GitHub\DirectX12_pathtracer\Pathtracer\cmake-build-debug-visual-studio\CMakeFiles\CMakeScratch\TryCompile-rhdu21 --filter-prefix="Hinweis: Einlesen der Datei: " -- C:\PROGRA~1\MICROS~2\2022\COMMUN~1\VC\Tools\MSVC\1438~1.331\bin\Hostx86\x64\cl.exe @C:\Users\m\AppData\Local\Temp\nm895E.tmp
CMakeCXXCompilerABI.cpp
Linking CXX executable cmTC_9f887.exe
	"C:\Program Files\JetBrains\CLion 2023.1.4\bin\cmake\win\x64\bin\cmake.exe" -E vs_link_exe --intdir=CMakeFiles\cmTC_9f887.dir --rc=C:\PROGRA~2\WI3CF2~1\10\bin\100226~1.0\x86\rc.exe --mt=C:\PROGRA~2\WI3CF2~1\10\bin\100226~1.0\x86\mt.exe --manifests -- C:\PROGRA~1\MICROS~2\2022\COMMUN~1\VC\Tools\MSVC\1438~1.331\bin\Hostx86\x64\link.exe /nologo @CMakeFiles\cmTC_9f887.dir\objects1 @C:\Users\m\AppData\Local\Temp\nm898E.tmp
	C:\Windows\System32\WindowsPowerShell\v1.0\powershell.exe -noprofile -executionpolicy Bypass -file C:/Users/m/.clion-vcpkg/vcpkg/scripts/buildsystems/msbuild/applocal.ps1 -targetBinary C:/Users/m/OneDrive/Dokumente/GitHub/DirectX12_pathtracer/Pathtracer/cmake-build-debug-visual-studio/CMakeFiles/CMakeScratch/TryCompile-rhdu21/cmTC_9f887.exe -installedDir C:/Users/m/.clion-vcpkg/vcpkg/installed/x64-windows/debug/bin -OutVariable out



